0 info it worked if it ends with ok
1 verbose cli [ 'C:\\Program Files\\nodejs\\node.exe',
1 verbose cli   'C:\\Program Files\\nodejs\\node_modules\\npm\\bin\\npm-cli.js',
1 verbose cli   'run',
1 verbose cli   'dev' ]
2 info using npm@3.10.10
3 info using node@v6.10.2
4 verbose run-script [ 'predev', 'dev', 'postdev' ]
5 info lifecycle creer-panaderia@1.0.0~predev: creer-panaderia@1.0.0
6 silly lifecycle creer-panaderia@1.0.0~predev: no script for predev, continuing
7 info lifecycle creer-panaderia@1.0.0~dev: creer-panaderia@1.0.0
8 verbose lifecycle creer-panaderia@1.0.0~dev: unsafe-perm in lifecycle true
9 verbose lifecycle creer-panaderia@1.0.0~dev: PATH: C:\Program Files\nodejs\node_modules\npm\bin\node-gyp-bin;C:\Leandro\Desarrollo\Freelance\creer-panaderia\creer-panaderia\node_modules\.bin;C:\ProgramData\Oracle\Java\javapath;C:\Program Files\Common Files\Microsoft Shared\Windows Live;C:\Windows\system32;C:\Windows;C:\Windows\System32\Wbem;C:\Windows\System32\WindowsPowerShell\v1.0\;C:\Program Files (x86)\Drivers\AMD\ATI.ACE\Core-Static;C:\Program Files (x86)\ATI Technologies\ATI.ACE\Core-Static;C:\Program Files\Java\jdk1.8.0_77\bin;C:\Program Files\MiKTeX 2.9\miktex\bin\x64\;C:\Program Files (x86)\GtkSharp\2.12\bin;C:\Program Files\Git\cmd;C:\Program Files\nodejs\;C:\Leandro\Desarrollo\cygwin\bin;C:\Program Files (x86)\AMD\ATI.ACE\Core-Static;C:\Program Files (x86)\NVIDIA Corporation\PhysX\Common;C:\Program Files\Common Files\Microsoft Shared\Windows Live;C:\Users\Lea\AppData\Roaming\npm;C:\Users\Lea\AppData\Local\Android\sdk\tools;C:\Users\Lea\AppData\Local\Android\sdk\tools\bin;C:\Users\Lea\AppData\Local\Android\sdk\platform-tools;C:\Leandro\Desarrollo\Android\Android Studio\gradle\gradle-3.2;C:\Leandro\Desarrollo\Android\Android Studio\gradle\gradle-3.2\bin;C:\Program Files\MongoDB\Server\3.4\bin;C:\Leandro\Desarrollo\apache-maven-3.5.0\bin
10 verbose lifecycle creer-panaderia@1.0.0~dev: CWD: C:\Leandro\Desarrollo\Freelance\creer-panaderia\creer-panaderia
11 silly lifecycle creer-panaderia@1.0.0~dev: Args: [ '/d /s /c', 'lite-server' ]
12 verbose stack Error: kill ENOSYS
12 verbose stack     at exports._errnoException (util.js:1018:11)
12 verbose stack     at process.kill (internal/process.js:190:13)
12 verbose stack     at process.listener (C:\Program Files\nodejs\node_modules\npm\node_modules\npmlog\node_modules\gauge\node_modules\signal-exit\index.js:86:15)
12 verbose stack     at emitNone (events.js:91:20)
12 verbose stack     at process.emit (events.js:185:7)
12 verbose stack     at processEmit (C:\Program Files\nodejs\node_modules\npm\node_modules\npmlog\node_modules\gauge\node_modules\signal-exit\index.js:146:32)
12 verbose stack     at processEmit (C:\Program Files\nodejs\node_modules\npm\node_modules\npm-registry-client\node_modules\npmlog\node_modules\gauge\node_modules\signal-exit\index.js:146:32)
12 verbose stack     at Signal.wrap.onsignal (internal/process.js:217:44)
13 verbose cwd C:\Leandro\Desarrollo\Freelance\creer-panaderia\creer-panaderia
14 error Windows_NT 6.1.7601
15 error argv "C:\\Program Files\\nodejs\\node.exe" "C:\\Program Files\\nodejs\\node_modules\\npm\\bin\\npm-cli.js" "run" "dev"
16 error node v6.10.2
17 error npm  v3.10.10
18 error code ENOSYS
19 error errno ENOSYS
20 error syscall kill
21 error kill ENOSYS
22 error If you need help, you may report this error at:
22 error     <https://github.com/npm/npm/issues>
23 verbose exit [ 1, true ]
